<?xml version="1.0" encoding="UTF-8"?>
<!-- Generated by org.testng.reporters.JUnitReportReporter -->
<testsuite hostname="DESKTOP-U7Q0S6N" failures="0" tests="1" name="herokuapp.TypingTest" time="25.546" errors="0" timestamp="2023-02-24T18:34:42 IST" skipped="0">
  <testcase classname="herokuapp.TypingTest" name="Typing" time="25.546"/>
  <system-out/>
</testsuite> <!-- herokuapp.TypingTest -->
