<?xml version="1.0" encoding="UTF-8"?>
<!-- Generated by org.testng.reporters.JUnitReportReporter -->
<testsuite hostname="DESKTOP-U7Q0S6N" failures="0" tests="1" name="herokuapp.AddRemove" time="15.730" errors="0" timestamp="2023-02-07T16:38:56 IST" skipped="0">
  <testcase classname="herokuapp.AddRemove" name="verfiyAddRemove" time="15.730"/>
  <system-out/>
</testsuite> <!-- herokuapp.AddRemove -->
