<?xml version="1.0" encoding="UTF-8"?>
<!-- Generated by org.testng.reporters.JUnitReportReporter -->
<testsuite hostname="DESKTOP-U7Q0S6N" failures="0" tests="1" name="herokuapp.ContextMenu" time="16.976" errors="0" timestamp="2023-02-17T16:14:18 IST" skipped="0">
  <testcase classname="herokuapp.ContextMenu" name="contextmenuEx" time="16.976"/>
  <system-out/>
</testsuite> <!-- herokuapp.ContextMenu -->
