<?xml version="1.0" encoding="UTF-8"?>
<!-- Generated by org.testng.reporters.JUnitReportReporter -->
<testsuite hostname="DESKTOP-U7Q0S6N" failures="0" tests="1" name="herokuapp.DigestAuthentication" time="14.388" errors="0" timestamp="2023-02-23T13:01:48 IST" skipped="0">
  <testcase classname="herokuapp.DigestAuthentication" name="DigestAuthent" time="14.388"/>
  <system-out/>
</testsuite> <!-- herokuapp.DigestAuthentication -->
