<?xml version="1.0" encoding="UTF-8"?>
<!-- Generated by org.testng.reporters.JUnitReportReporter -->
<testsuite hostname="DESKTOP-U7Q0S6N" failures="0" tests="1" name="herokuapp.BasicAuth" time="20.943" errors="0" timestamp="2023-02-07T17:46:35 IST" skipped="0">
  <testcase classname="herokuapp.BasicAuth" name="VerifyBasicAuth" time="20.943"/>
  <system-out/>
</testsuite> <!-- herokuapp.BasicAuth -->
