<?xml version="1.0" encoding="UTF-8"?>
<!-- Generated by org.testng.reporters.JUnitReportReporter -->
<testsuite hostname="DESKTOP-U7Q0S6N" failures="0" tests="1" name="herokuapp.ABtesting" time="19.372" errors="0" timestamp="2023-02-07T16:29:58 IST" skipped="0">
  <testcase classname="herokuapp.ABtesting" name="verifyABtesting" time="19.372"/>
  <system-out/>
</testsuite> <!-- herokuapp.ABtesting -->
