<?xml version="1.0" encoding="UTF-8"?>
<!-- Generated by org.testng.reporters.JUnitReportReporter -->
<testsuite hostname="DESKTOP-U7Q0S6N" failures="0" tests="1" name="herokuapp.UploadFile" time="28.771" errors="0" timestamp="2023-02-24T18:37:49 IST" skipped="0">
  <testcase classname="herokuapp.UploadFile" name="seleniumUploadFile" time="28.771"/>
  <system-out/>
</testsuite> <!-- herokuapp.UploadFile -->
