<?xml version="1.0" encoding="UTF-8"?>
<!-- Generated by org.testng.reporters.JUnitReportReporter -->
<testsuite hostname="DESKTOP-U7Q0S6N" failures="0" tests="1" name="herokuapp.DropDown" time="18.754" errors="0" timestamp="2023-02-24T15:11:25 IST" skipped="0">
  <testcase classname="herokuapp.DropDown" name="DropDownList" time="18.754"/>
  <system-out/>
</testsuite> <!-- herokuapp.DropDown -->
