<?xml version="1.0" encoding="UTF-8"?>
<!-- Generated by org.testng.reporters.JUnitReportReporter -->
<testsuite hostname="DESKTOP-U7Q0S6N" failures="0" tests="1" name="herokuapp.BrokenImage" time="20.198" errors="0" timestamp="2023-02-16T14:10:01 IST" skipped="0">
  <testcase classname="herokuapp.BrokenImage" name="VerifyBrokenImage" time="20.198"/>
  <system-out/>
</testsuite> <!-- herokuapp.BrokenImage -->
