<?xml version="1.0" encoding="UTF-8"?>
<!-- Generated by org.testng.reporters.JUnitReportReporter -->
<testsuite hostname="DESKTOP-U7Q0S6N" failures="0" tests="1" name="herokuapp.DomChallenging" time="30.761" errors="0" timestamp="2023-02-16T18:06:35 IST" skipped="0">
  <testcase classname="herokuapp.DomChallenging" name="DomCallenge" time="30.761"/>
  <system-out/>
</testsuite> <!-- herokuapp.DomChallenging -->
